<?xml version="1.0" encoding="UTF-8" standalone="no"?>
<testsuite errors="0" failures="0" name="io.cucumber.core.plugin.JUnitFormatter" skipped="0" tests="1" time="16.998">
    <testcase classname="To test the signup module functionality" name="to verify that user enters valid gmail and password" time="16.877">
        <system-out><![CDATA[Given user is on signup/signin window.......................................passed
When user enters gmailorphone and gmailpassword.............................passed
Then user should navigates to home page of redbus application...............passed
]]></system-out>
    </testcase>
</testsuite>
